<?xml version="1.0" encoding="UTF-8"?>
<!-- Generated by org.testng.reporters.JUnitXMLReporter -->
<testsuite ignored="0" hostname="Rafias-MacBook-Air.local" failures="0" tests="3" name="Default test" time="47.147" errors="0" timestamp="2022-03-16T03:14:23 BDT">
  <testcase classname="tests.searchname" name="SearchTamim" time="1.85"/>
  <testcase classname="tests.searchname" name="clickonname" time="2.235"/>
  <testcase classname="tests.searchname" name="searchJenny" time="12.765"/>
</testsuite> <!-- Default test -->
