<?xml version="1.0" encoding="UTF-8"?>
<!-- Generated by org.testng.reporters.JUnitXMLReporter -->
<testsuite ignored="0" hostname="Rafias-MacBook-Air.local" failures="0" tests="3" name="Test" time="29.617" errors="0" timestamp="2022-03-16T04:15:06 BDT">
  <testcase classname="tests.searchname" name="SearchTamim" time="1.706"/>
  <testcase classname="tests.searchname" name="searchJenny" time="4.287"/>
  <testcase classname="tests.searchname" name="clickonname" time="2.865"/>
</testsuite> <!-- Test -->
